<?xml version="1.0" encoding="UTF-8"?>
<!-- Generated by org.testng.reporters.JUnitXMLReporter -->
<testsuite ignored="11" hostname="EC2AMAZ-3OE01P4" failures="0" tests="1" name="TeluguPDF" time="2.142" errors="0" timestamp="2023-03-25T15:26:56 UTC">
  <testcase classname="read.readFromPDF" name="readfromweb_health" time="2.111"/>
  <testcase classname="read.readFromPDF" name="readfromweb_vantalu" time="0.0">
    <ignored/>
  </testcase> <!-- readfromweb_vantalu -->
  <testcase classname="read.readFromPDF" name="readfromweb_business" time="0.0">
    <ignored/>
  </testcase> <!-- readfromweb_business -->
  <testcase classname="read.readFromPDF" name="readfromweb_crime" time="0.0">
    <ignored/>
  </testcase> <!-- readfromweb_crime -->
  <testcase classname="read.readFromPDF" name="readfromweb_editorial" time="0.0">
    <ignored/>
  </testcase> <!-- readfromweb_editorial -->
  <testcase classname="read.readFromPDF" name="readfromweb_navya" time="0.0">
    <ignored/>
  </testcase> <!-- readfromweb_navya -->
  <testcase classname="read.readFromPDF" name="readfromweb_AP" time="0.0">
    <ignored/>
  </testcase> <!-- readfromweb_AP -->
  <testcase classname="read.readFromPDF" name="insertPDFtoDB" time="0.0">
    <ignored/>
  </testcase> <!-- insertPDFtoDB -->
  <testcase classname="read.readFromPDF" name="readfromweb_politics" time="0.0">
    <ignored/>
  </testcase> <!-- readfromweb_politics -->
  <testcase classname="read.readFromPDF" name="readfromweb_national" time="0.0">
    <ignored/>
  </testcase> <!-- readfromweb_national -->
  <testcase classname="read.readFromPDF" name="readfromweb_sports" time="0.0">
    <ignored/>
  </testcase> <!-- readfromweb_sports -->
  <testcase classname="read.readFromPDF" name="readfromweb_education" time="0.0">
    <ignored/>
  </testcase> <!-- readfromweb_education -->
</testsuite> <!-- TeluguPDF -->
