<?xml version="1.0" encoding="UTF-8"?>
<testng-results ignored="11" total="12" passed="1" failed="0" skipped="0">
  <reporter-output>
  </reporter-output>
  <suite started-at="2023-03-25T06:59:11 UTC" name="Default suite" finished-at="2023-03-25T06:59:14 UTC" duration-ms="2551">
    <groups>
    </groups>
    <test started-at="2023-03-25T06:59:11 UTC" name="Default test" finished-at="2023-03-25T06:59:14 UTC" duration-ms="2551">
      <class name="read.readFromPDF">
        <test-method signature="readfromweb_crime()[pri:0, instance:read.readFromPDF@3fb1549b]" started-at="2023-03-25T06:59:11 UTC" name="readfromweb_crime" finished-at="2023-03-25T06:59:14 UTC" duration-ms="2517" status="PASS">
          <reporter-output>
          </reporter-output>
        </test-method> <!-- readfromweb_crime -->
      </class> <!-- read.readFromPDF -->
    </test> <!-- Default test -->
  </suite> <!-- Default suite -->
</testng-results>
